make all --print-data-base --no-builtin-variables --no-builtin-rules --question
# GNU Make 3.81
# Copyright (C) 2006  Free Software Foundation, Inc.
# This is free software; see the source for copying conditions.
# There is NO warranty; not even for MERCHANTABILITY or FITNESS FOR A
# PARTICULAR PURPOSE.

# This program built for i386-apple-darwin11.3.0
 

# Make data base, printed on Thu Aug  4 09:55:00 2022

# Variables

# automatic
 
<D = $(patsubst %/,%,$(dir $<))
# automatic
?F = $(notdir $?)
# automatic
?D = $(patsubst %/,%,$(dir $?))
# automatic
@D = $(patsubst %/,%,$(dir $@))
# automatic
@F = $(notdir $@)
# makefile
CURDIR := /Users/daidaiso/Desktop/桌面 - 呆呆獸的MacBook Air/6.824/lab1
# makefile
SHELL = /bin/sh
# environment
VSCODE_NLS_CONFIG = {"locale":"zh-tw","availableLanguages":{"*":"zh-tw"},"_languagePackId":"a0b772d00248b7f5c117cab9736199be.zh-tw","_translationsConfigFile":"/Users/daidaiso/Library/Application Support/Code/clp/a0b772d00248b7f5c117cab9736199be.zh-tw/tcf.json","_cacheRoot":"/Users/daidaiso/Library/Application Support/Code/clp/a0b772d00248b7f5c117cab9736199be.zh-tw","_resolvedLanguagePackCoreLocation":"/Users/daidaiso/Library/Application Support/Code/clp/a0b772d00248b7f5c117cab9736199be.zh-tw/3b889b090b5ad5793f524b5d1d39fda662b96a2a","_corruptedFile":"/Users/daidaiso/Library/Application Support/Code/clp/a0b772d00248b7f5c117cab9736199be.zh-tw/corrupted.info","_languagePackSupport":true}
# environment
_ = /usr/bin/make
# makefile (from `Makefile', line 1)
MAKEFILE_LIST :=  Makefile
# environment
VSCODE_AMD_ENTRYPOINT = vs/workbench/api/node/extensionHostProcess
# environment
__CFBundleIdentifier = com.microsoft.VSCode
# environment
INFOPATH = /opt/homebrew/share/info:
# environment
VSCODE_CWD = /
# environment
GOPROXY = https://proxy.golang.org,direct
# environment
PATH = /opt/homebrew/anaconda3/bin:/opt/homebrew/anaconda3/condabin:/opt/homebrew/anaconda3/bin:/Library/Frameworks/Python.framework/Versions/3.10/bin:/opt/homebrew/bin:/opt/homebrew/sbin:/usr/local/bin:/System/Cryptexes/App/usr/bin:/usr/bin:/bin:/usr/sbin:/sbin:/Library/TeX/texbin:/Library/Apple/usr/bin:/Applications/Wireshark.app/Contents/MacOS:/Users/daidaiso/Library/Application Support/JetBrains/Toolbox/scripts
# environment
LSCOLORS = Gxfxcxdxbxegedabagacad
# environment
GOPATH = /Users/daidaiso/go
# environment
ELECTRON_RUN_AS_NODE = 1
# default
.FEATURES := target-specific order-only second-expansion else-if archives jobserver check-symlink
# environment
SSH_AUTH_SOCK = /private/tmp/com.apple.launchd.koMQiE9Imn/Listeners
# automatic
%F = $(notdir $%)
# environment
CONDA_EXE = /opt/homebrew/anaconda3/bin/conda
# environment
PWD = /Users/daidaiso/Desktop/桌面 - 呆呆獸的MacBook Air/6.824/lab1
# environment
HOMEBREW_CELLAR = /opt/homebrew/Cellar
# environment
ORIGINAL_XDG_CURRENT_DESKTOP = undefined
# environment
MANPATH = /opt/homebrew/share/man::
# environment
GOMODCACHE = /Users/daidaiso/go/pkg/mod
# environment
HOME = /Users/daidaiso
# default
MAKEFILEPATH := /Applications/Xcode.app/Contents/Developer/Makefiles
# environment
VSCODE_CODE_CACHE_PATH = /Users/daidaiso/Library/Application Support/Code/CachedData/3b889b090b5ad5793f524b5d1d39fda662b96a2a
# environment
LOGNAME = daidaiso
# environment
APPLICATION_INSIGHTS_NO_DIAGNOSTIC_CHANNEL = true
# environment
CONDA_PROMPT_MODIFIER = (base) 
# environment
ZSH = /Users/daidaiso/.oh-my-zsh
# environment
VSCODE_HANDLES_UNCAUGHT_ERRORS = true
# automatic
^D = $(patsubst %/,%,$(dir $^))
# environment
CONDA_DEFAULT_ENV = base
# environment
XPC_FLAGS = 0x0
# default
MAKE = $(MAKE_COMMAND)
# default
MAKECMDGOALS := all
# environment
SHLVL = 1
# default
MAKE_VERSION := 3.81
# environment
USER = daidaiso
# makefile
.DEFAULT_GOAL := 
# environment
LESS = -R
# automatic
%D = $(patsubst %/,%,$(dir $%))
# environment
CONDA_SHLVL = 1
# default
MAKE_COMMAND := /Applications/Xcode.app/Contents/Developer/usr/bin/make
 
# default
.VARIABLES := 
# environment
TMPDIR = /var/folders/3d/64gm90356kdfbfqq6ffkbgkh0000gn/T/
# automatic
*F = $(notdir $*)
# environment
VSCODE_IPC_HOOK = /Users/daidaiso/Library/Application Support/Code/1.69.2-main.sock
# environment
MallocNanoZone = 0
# makefile
MAKEFLAGS = Rrqp
# environment
MFLAGS = -Rrqp
# automatic
*D = $(patsubst %/,%,$(dir $*))
# environment
XPC_SERVICE_NAME = application.com.microsoft.VSCode.25417924.25417930
# environment
HOMEBREW_PREFIX = /opt/homebrew
# automatic
+D = $(patsubst %/,%,$(dir $+))
# automatic
+F = $(notdir $+)
# environment
HOMEBREW_REPOSITORY = /opt/homebrew
# environment
__CF_USER_TEXT_ENCODING = 0x1F5:0x2:0x35
# environment
COMMAND_MODE = unix2003
# default
MAKEFILES := 
# automatic
<F = $(notdir $<)
# environment
PAGER = less
# environment
LC_ALL = C
# environment
CONDA_PYTHON_EXE = /opt/homebrew/anaconda3/bin/python
# automatic
^F = $(notdir $^)
# default
SUFFIXES := 
# environment
_CE_M = 
# environment
MAKELEVEL := 0
# environment
CONDA_PREFIX = /opt/homebrew/anaconda3
# environment
VSCODE_PID = 3824
# environment
_CE_CONDA = 
# environment
LANG = C
# makefile (from `Makefile', line 6)
LABS = " lab1 lab2a lab2b lab2c lab2d lab3a lab3b lab4a lab4b "
# variable set hash-table stats:
# Load=78/1024=8%, Rehash=0, Collisions=3/102=3%

# Pattern-specific Variable Values

# No pattern-specific variable values.

# Directories

# . (device 16777234, inode 20922230): 10 files, no impossibilities.

# 10 files, no impossibilities in 1 directories.

# Implicit Rules

%: check-%
#  commands to execute (from `Makefile', line 9):
	@echo "Preparing $@-handin.tar.gz"
	@if echo $(LABS) | grep -q " $@ " ; then \
	echo "Tarring up your submission..." ; \
	COPYFILE_DISABLE=1 tar cvzf $@-handin.tar.gz \
	"--exclude=src/main/pg-*.txt" \
	"--exclude=src/main/diskvd" \
	"--exclude=src/mapreduce/824-mrinput-*.txt" \
	"--exclude=src/main/mr-*" \
	"--exclude=mrtmp.*" \
	"--exclude=src/main/diff.out" \
	"--exclude=src/main/mrcoordinator" \
	"--exclude=src/main/mrsequential" \
	"--exclude=src/main/mrworker" \
	"--exclude=*.so" \
	Makefile src; \
	if ! test -e api.key ; then \
	echo "Missing $(PWD)/api.key. Please create the file with your key in it or submit the $@-handin.tar.gz via the web interface."; \
	else \
	echo "Are you sure you want to submit $@? Enter 'yes' to continue:"; \
	read line; \
	if test "$$line" != "yes" ; then echo "Giving up submission"; exit; fi; \
	if test `stat -c "%s" "$@-handin.tar.gz" 2>/dev/null || stat -f "%z" "$@-handin.tar.gz"` -ge 20971520 ; then echo "File exceeds 20MB."; exit; fi; \
	cat api.key | tr -d '\n' > .api.key.trimmed ; \
	curl --silent --fail --show-error -F file=@$@-handin.tar.gz -F "key=<.api.key.trimmed" \
	https://6824.scripts.mit.edu/2022/handin.py/upload > /dev/null || { \
	echo ; \
	echo "Submit seems to have failed."; \
	echo "Please upload the tarball manually on the submission website."; } \
	fi; \
	else \
	echo "Bad target $@. Usage: make [$(LABS)]"; \
	fi
	

check-%:
#  commands to execute (from `Makefile', line 44):
	@echo "Checking that your submission builds correctly..."
	@./.check-build git://g.csail.mit.edu/6.824-golabs-2022 $(patsubst check-%,%,$@)
	

# 2 implicit rules, 0 (0.0%) terminal.

# Files

check-Makefile:
 
#  Implicit rule search has been done.
#  Implicit/static pattern stem: `Makefile'
#  File is an intermediate prerequisite.
#  File does not exist.
#  File has not been updated.
#  commands to execute (from `Makefile', line 44):
	@echo "Checking that your submission builds correctly..."
	@./.check-build git://g.csail.mit.edu/6.824-golabs-2022 $(patsubst check-%,%,$@)
	

all: check-all
#  Command-line target.
#  Implicit rule search has been done.
#  Implicit/static pattern stem: `all'
#  File does not exist.
#  File has been updated.
#  Needs to be updated (-q is set).
# variable set hash-table stats:
# Load=0/32=0%, Rehash=0, Collisions=0/2=0%
#  commands to execute (from `Makefile', line 9):
	@echo "Preparing $@-handin.tar.gz"
	@if echo $(LABS) | grep -q " $@ " ; then \
	echo "Tarring up your submission..." ; \
	COPYFILE_DISABLE=1 tar cvzf $@-handin.tar.gz \
	"--exclude=src/main/pg-*.txt" \
	"--exclude=src/main/diskvd" \
	"--exclude=src/mapreduce/824-mrinput-*.txt" \
	"--exclude=src/main/mr-*" \
	"--exclude=mrtmp.*" \
	"--exclude=src/main/diff.out" \
	"--exclude=src/main/mrcoordinator" \
	"--exclude=src/main/mrsequential" \
	"--exclude=src/main/mrworker" \
	"--exclude=*.so" \
	Makefile src; \
	if ! test -e api.key ; then \
	echo "Missing $(PWD)/api.key. Please create the file with your key in it or submit the $@-handin.tar.gz via the web interface."; \
	else \
	echo "Are you sure you want to submit $@? Enter 'yes' to continue:"; \
	read line; \
	if test "$$line" != "yes" ; then echo "Giving up submission"; exit; fi; \
	if test `stat -c "%s" "$@-handin.tar.gz" 2>/dev/null || stat -f "%z" "$@-handin.tar.gz"` -ge 20971520 ; then echo "File exceeds 20MB."; exit; fi; \
	cat api.key | tr -d '\n' > .api.key.trimmed ; \
	curl --silent --fail --show-error -F file=@$@-handin.tar.gz -F "key=<.api.key.trimmed" \
	https://6824.scripts.mit.edu/2022/handin.py/upload > /dev/null || { \
	echo ; \
	echo "Submit seems to have failed."; \
	echo "Please upload the tarball manually on the submission website."; } \
	fi; \
	else \
	echo "Bad target $@. Usage: make [$(LABS)]"; \
	fi
	

.PHONY: check-%
#  Implicit rule search has not been done.
#  Modification time never checked.
#  File has not been updated.

check-%:
#  Phony target (prerequisite of .PHONY).
#  Implicit rule search has not been done.
#  File does not exist.
#  File has not been updated.

# Not a target:
.SUFFIXES:
#  Implicit rule search has not been done.
#  Modification time never checked.
#  File has not been updated.

Makefile: check-Makefile
#  Implicit rule search has been done.
#  Implicit/static pattern stem: `Makefile'
#  Last modified 2022-06-28 08:14:07
#  File has been updated.
#  Successfully updated.
# variable set hash-table stats:
# Load=0/32=0%, Rehash=0, Collisions=0/0=0%
#  commands to execute (from `Makefile', line 9):
	@echo "Preparing $@-handin.tar.gz"
	@if echo $(LABS) | grep -q " $@ " ; then \
	echo "Tarring up your submission..." ; \
	COPYFILE_DISABLE=1 tar cvzf $@-handin.tar.gz \
	"--exclude=src/main/pg-*.txt" \
	"--exclude=src/main/diskvd" \
	"--exclude=src/mapreduce/824-mrinput-*.txt" \
	"--exclude=src/main/mr-*" \
	"--exclude=mrtmp.*" \
	"--exclude=src/main/diff.out" \
	"--exclude=src/main/mrcoordinator" \
	"--exclude=src/main/mrsequential" \
	"--exclude=src/main/mrworker" \
	"--exclude=*.so" \
	Makefile src; \
	if ! test -e api.key ; then \
	echo "Missing $(PWD)/api.key. Please create the file with your key in it or submit the $@-handin.tar.gz via the web interface."; \
	else \
	echo "Are you sure you want to submit $@? Enter 'yes' to continue:"; \
	read line; \
	if test "$$line" != "yes" ; then echo "Giving up submission"; exit; fi; \
	if test `stat -c "%s" "$@-handin.tar.gz" 2>/dev/null || stat -f "%z" "$@-handin.tar.gz"` -ge 20971520 ; then echo "File exceeds 20MB."; exit; fi; \
	cat api.key | tr -d '\n' > .api.key.trimmed ; \
	curl --silent --fail --show-error -F file=@$@-handin.tar.gz -F "key=<.api.key.trimmed" \
	https://6824.scripts.mit.edu/2022/handin.py/upload > /dev/null || { \
	echo ; \
	echo "Submit seems to have failed."; \
	echo "Please upload the tarball manually on the submission website."; } \
	fi; \
	else \
	echo "Bad target $@. Usage: make [$(LABS)]"; \
	fi
	

# Not a target:
.DEFAULT:
#  Implicit rule search has not been done.
#  Modification time never checked.
#  File has not been updated.

check-all:
#  Implicit rule search has been done.
#  Implicit/static pattern stem: `all'
#  File is an intermediate prerequisite.
#  File does not exist.
#  File has been updated.
#  Needs to be updated (-q is set).
# automatic
# @ := check-all
# automatic
# % := 
# automatic
# * := all
# automatic
# + := 
# automatic
# | := 
# automatic
# < := 
# automatic
# ^ := 
# automatic
# ? := 
# variable set hash-table stats:
# Load=8/32=25%, Rehash=0, Collisions=1/11=9%
#  commands to execute (from `Makefile', line 44):
	@echo "Checking that your submission builds correctly..."
	@./.check-build git://g.csail.mit.edu/6.824-golabs-2022 $(patsubst check-%,%,$@)
	

# files hash-table stats:
# Load=8/1024=1%, Rehash=0, Collisions=0/35=0%
# VPATH Search Paths

# No `vpath' search paths.

 
# No general (`VPATH' variable) search path.

# # of strings in strcache: 1
# # of strcache buffers: 1
# strcache size: total = 4096 / max = 4096 / min = 4096 / avg = 4096
# strcache free: total = 4087 / max = 4087 / min = 4087 / avg = 4087

# Finished Make data base on Thu Aug  4 09:55:00 2022

 
